Vercel CLI 48.10.10
Retrieving project…
Deploying sefas-projects-21462460/napifit
Uploading [--------------------] (0.0B/37.2KB)
Uploading [========------------] (16.1KB/37.2KB)
Uploading [============--------] (23.2KB/37.2KB)
Uploading [====================] (37.2KB/37.2KB)
Inspect: https://vercel.com/sefas-projects-21462460/napifit/BfDXZyMjj4AYKFsLRCH2G5CoDmRw [4s]
Production: https://napifit-9m5368nla-sefas-projects-21462460.vercel.app [4s]
https://napifit-9m5368nla-sefas-projects-21462460.vercel.appQueued...
Queued...
Building: Running build in Washington, D.C., USA (East) – iad1
Building: Build machine configuration: 2 cores, 8 GB
Building: Retrieving list of deployment files...
Building: Downloading 358 deployment files...
Building: Restored build cache from previous deployment (23epBaRGEBGnLthUE2o4Y4mf6bhb)
Building: Running "vercel build"
Building: Vercel CLI 48.10.5
Building: Running "install" command: `npm install`...
Building: up to date, audited 494 packages in 7s
Building: 167 packages are looking for funding
Building: run `npm fund` for details
Building: 4 vulnerabilities (3 high, 1 critical)
Building: To address all issues (including breaking changes), run:
Building: npm audit fix --force
Building: Run `npm audit` for details.
Building: Detected Next.js version: 14.2.5
Building: Running "next build"
Building: ▲ Next.js 14.2.5
Building: - Environments: .env
Building: - Experiments (use with caution):
Building: · typedRoutes
Building: Creating an optimized production build ...
Building: ✓ Compiled successfully
Building: Linting and checking validity of types ...
Building: Collecting page data ...
Building: Generating static pages (0/26) ...
Building: Generating static pages (6/26)
Building: Generating static pages (12/26)
Building: Generating static pages (19/26)
Building: ✓ Generating static pages (26/26)
Building: Finalizing page optimization ...
Building: Collecting build traces ...
Building: Route (app)                              Size     First Load JS
Building: ┌ ƒ /                                    5.43 kB         104 kB
Building: ├ ƒ /_not-found                          137 B          87.3 kB
Building: ├ ƒ /api/ai/analyze-photo                0 B                0 B
Building: ├ ƒ /api/ai/calories                     0 B                0 B
Building: ├ ƒ /api/ai/preparation-methods          0 B                0 B
Building: ├ ƒ /api/calendar/activity               0 B                0 B
Building: ├ ƒ /api/detect-locale                   0 B                0 B
Building: ├ ƒ /api/feature-requests                0 B                0 B
Building: ├ ƒ /api/feature-requests/[id]           0 B                0 B
Building: ├ ƒ /api/feature-requests/[id]/dislike   0 B                0 B
Building: ├ ƒ /api/feature-requests/[id]/like      0 B                0 B
Building: ├ ƒ /api/feature-requests/leaderboard    0 B                0 B
Building: ├ ƒ /api/feature-requests/user/[userId]  0 B                0 B
Building: ├ ƒ /api/health-metrics                  0 B                0 B
Building: ├ ƒ /api/health-metrics/[id]             0 B                0 B
Building: ├ ƒ /api/meals                           0 B                0 B
Building: ├ ƒ /api/meals/[id]                      0 B                0 B
Building: ├ ƒ /api/meals/upload-photo              0 B                0 B
Building: ├ ○ /api/ping                            0 B                0 B
Building: ├ ƒ /api/profile                         0 B                0 B
Building: ├ ƒ /api/profile/onboarding              0 B                0 B
Building: ├ ƒ /api/reviews/create                  0 B                0 B
Building: ├ ƒ /api/reviews/featured                0 B                0 B
Building: ├ ƒ /api/stats                           0 B                0 B
Building: ├ ƒ /api/water-intake                    0 B                0 B
Building: ├ ƒ /api/workouts                        0 B                0 B
Building: ├ ƒ /api/workouts/[id]                   0 B                0 B
Building: ├ ƒ /auth/callback                       0 B                0 B
Building: ├ ƒ /community                           6.87 kB         157 kB
Building: ├ ƒ /dashboard                           4.51 kB         106 kB
Building: ├ ƒ /health                              15.9 kB         106 kB
Building: ├ ○ /icon.png                            0 B                0 B
Building: ├ ƒ /login                               4.16 kB         159 kB
Building: ├ ○ /manifest.webmanifest                0 B                0 B
Building: ├ ƒ /onboarding                          3.88 kB        91.1 kB
Building: ├ ƒ /privacy                             178 B          94.1 kB
Building: ├ ƒ /profile                             3.81 kB         103 kB
Building: ├ ƒ /register                            5.86 kB         160 kB
Building: ├ ƒ /terms                               178 B          94.1 kB
Building: └ ƒ /water                               8.3 kB          154 kB
Building: + First Load JS shared by all            87.2 kB
Building: ├ chunks/23-2d5fe19a6bdfc9d8.js        31.5 kB
Building: ├ chunks/fd9d1056-9d22b1f9a25781e5.js  53.6 kB
Building: └ other shared chunks (total)          2.05 kB
Building: ƒ Middleware                             75.1 kB
Building: ○  (Static)   prerendered as static content
Building: ƒ  (Dynamic)  server-rendered on demand
Building: Traced Next.js server files in: 40.406ms
Building: Created all serverless functions in: 149.433ms
Building: Collected static files (public/, static/, .next/static): 5.147ms
Building: Build Completed in /vercel/output [34s]
Building: Deploying outputs...
Building: Deployment completed
Building: Creating build cache...
[2K[1A[2K[GProduction: https://napifit-9m5368nla-sefas-projects-21462460.vercel.app [58s]
Completing...

Common next commands:
- `vercel inspect napifit-9m5368nla-sefas-projects-21462460.vercel.app --logs`
- `vercel redeploy napifit-9m5368nla-sefas-projects-21462460.vercel.app`
